c:\users\gseaward\documents\visual studio 2015\projects\management_and_marshelling\rng.cliwrapper\rng.cliwrapper\debug\rng.cliwrapper.pch
c:\users\gseaward\documents\visual studio 2015\projects\management_and_marshelling\rng.cliwrapper\rng.cliwrapper\debug\vc140.pdb
c:\users\gseaward\documents\visual studio 2015\projects\management_and_marshelling\rng.cliwrapper\rng.cliwrapper\debug\stdafx.obj
c:\users\gseaward\documents\visual studio 2015\projects\management_and_marshelling\rng.cliwrapper\rng.cliwrapper\debug\rngwrapper.obj
c:\users\gseaward\documents\visual studio 2015\projects\management_and_marshelling\rng.cliwrapper\rng.cliwrapper\debug\poster.obj
c:\users\gseaward\documents\visual studio 2015\projects\management_and_marshelling\rng.cliwrapper\rng.cliwrapper\debug\customerwrapper.obj
c:\users\gseaward\documents\visual studio 2015\projects\management_and_marshelling\rng.cliwrapper\rng.cliwrapper\debug\dllmain.obj
c:\users\gseaward\documents\visual studio 2015\projects\management_and_marshelling\rng.cliwrapper\rng.cliwrapper\debug\.netframework,version=v4.0.assemblyattributes.obj
c:\users\gseaward\documents\visual studio 2015\projects\management_and_marshelling\rng.cliwrapper\rng.cliwrapper\debug\.netframework,version=v4.0.assemblyattributes.asm
c:\users\gseaward\documents\visual studio 2015\projects\management_and_marshelling\build\debug\rng.cliwrapper.dll
c:\users\gseaward\documents\visual studio 2015\projects\management_and_marshelling\build\debug\rng.cliwrapper.pdb
c:\users\gseaward\documents\visual studio 2015\projects\management_and_marshelling\rng.cliwrapper\rng.cliwrapper\debug\rng.cliwrapper.vcxprojresolveassemblyreference.cache
c:\users\gseaward\documents\visual studio 2015\projects\management_and_marshelling\rng.cliwrapper\rng.cliwrapper\..\..\build\debug\rng.cliwrapper.dll
c:\users\gseaward\documents\visual studio 2015\projects\management_and_marshelling\rng.cliwrapper\rng.cliwrapper\debug\rng.cliwrapper.tlog\cl.command.1.tlog
c:\users\gseaward\documents\visual studio 2015\projects\management_and_marshelling\rng.cliwrapper\rng.cliwrapper\debug\rng.cliwrapper.tlog\cl.read.1.tlog
c:\users\gseaward\documents\visual studio 2015\projects\management_and_marshelling\rng.cliwrapper\rng.cliwrapper\debug\rng.cliwrapper.tlog\cl.write.1.tlog
c:\users\gseaward\documents\visual studio 2015\projects\management_and_marshelling\rng.cliwrapper\rng.cliwrapper\debug\rng.cliwrapper.tlog\link.command.1.tlog
c:\users\gseaward\documents\visual studio 2015\projects\management_and_marshelling\rng.cliwrapper\rng.cliwrapper\debug\rng.cliwrapper.tlog\link.read.1.tlog
c:\users\gseaward\documents\visual studio 2015\projects\management_and_marshelling\rng.cliwrapper\rng.cliwrapper\debug\rng.cliwrapper.tlog\link.write.1.tlog
c:\users\gseaward\documents\visual studio 2015\projects\management_and_marshelling\rng.cliwrapper\rng.cliwrapper\debug\rng.cliwrapper.tlog\metagen.read.1.tlog
c:\users\gseaward\documents\visual studio 2015\projects\management_and_marshelling\rng.cliwrapper\rng.cliwrapper\debug\rng.cliwrapper.tlog\metagen.write.1.tlog
c:\users\gseaward\documents\visual studio 2015\projects\management_and_marshelling\rng.cliwrapper\rng.cliwrapper\debug\rng.cliwrapper.tlog\tzres.dll.bi
