c:\users\gseaward\documents\visual studio 2015\projects\management_and_marshelling\rng\rng\debug\rng.pch
c:\users\gseaward\documents\visual studio 2015\projects\management_and_marshelling\rng\rng\debug\vc140.pdb
c:\users\gseaward\documents\visual studio 2015\projects\management_and_marshelling\rng\rng\debug\vc140.idb
c:\users\gseaward\documents\visual studio 2015\projects\management_and_marshelling\rng\rng\debug\stdafx.obj
c:\users\gseaward\documents\visual studio 2015\projects\management_and_marshelling\rng\rng\debug\customerfactory.obj
c:\users\gseaward\documents\visual studio 2015\projects\management_and_marshelling\rng\rng\debug\generator.obj
c:\users\gseaward\documents\visual studio 2015\projects\management_and_marshelling\rng\rng\debug\dllmain.obj
c:\users\gseaward\documents\visual studio 2015\projects\management_and_marshelling\build\debug\rng.ilk
c:\users\gseaward\documents\visual studio 2015\projects\management_and_marshelling\build\debug\rng.dll
c:\users\gseaward\documents\visual studio 2015\projects\management_and_marshelling\build\debug\rng.pdb
c:\users\gseaward\documents\visual studio 2015\projects\management_and_marshelling\build\debug\rng.lib
c:\users\gseaward\documents\visual studio 2015\projects\management_and_marshelling\build\debug\rng.exp
c:\users\gseaward\documents\visual studio 2015\projects\management_and_marshelling\rng\rng\..\..\build\debug\rng.dll
c:\users\gseaward\documents\visual studio 2015\projects\management_and_marshelling\rng\rng\debug\rng.tlog\cl.command.1.tlog
c:\users\gseaward\documents\visual studio 2015\projects\management_and_marshelling\rng\rng\debug\rng.tlog\cl.read.1.tlog
c:\users\gseaward\documents\visual studio 2015\projects\management_and_marshelling\rng\rng\debug\rng.tlog\cl.write.1.tlog
c:\users\gseaward\documents\visual studio 2015\projects\management_and_marshelling\rng\rng\debug\rng.tlog\link.command.1.tlog
c:\users\gseaward\documents\visual studio 2015\projects\management_and_marshelling\rng\rng\debug\rng.tlog\link.read.1.tlog
c:\users\gseaward\documents\visual studio 2015\projects\management_and_marshelling\rng\rng\debug\rng.tlog\link.write.1.tlog
c:\users\gseaward\documents\visual studio 2015\projects\management_and_marshelling\rng\rng\debug\rng.tlog\rng.write.1u.tlog
